<?xml version="1.0" encoding="UTF-8"?>
<testng-results skipped="0" failed="0" ignored="0" total="6" passed="6">
  <reporter-output>
  </reporter-output>
  <suite name="Suite" duration-ms="31" started-at="2020-11-06T12:43:13Z" finished-at="2020-11-06T12:43:13Z">
    <groups>
    </groups>
    <test name="Testprocess" duration-ms="31" started-at="2020-11-06T12:43:13Z" finished-at="2020-11-06T12:43:13Z">
      <class name="qa.mavenjava.SeleniumTest">
        <test-method status="PASS" signature="test5()[pri:0, instance:qa.mavenjava.SeleniumTest@58fdd99]" name="test5" duration-ms="0" started-at="2020-11-06T12:43:13Z" finished-at="2020-11-06T12:43:13Z">
          <reporter-output>
          </reporter-output>
        </test-method> <!-- test5 -->
        <test-method status="PASS" signature="test6()[pri:0, instance:qa.mavenjava.SeleniumTest@58fdd99]" name="test6" duration-ms="0" started-at="2020-11-06T12:43:13Z" finished-at="2020-11-06T12:43:13Z">
          <reporter-output>
          </reporter-output>
        </test-method> <!-- test6 -->
      </class> <!-- qa.mavenjava.SeleniumTest -->
      <class name="qa.mavenjava.AppiumTest">
        <test-method status="PASS" signature="test2()[pri:0, instance:qa.mavenjava.AppiumTest@7bc1a03d]" name="test2" duration-ms="0" started-at="2020-11-06T12:43:13Z" finished-at="2020-11-06T12:43:13Z">
          <reporter-output>
          </reporter-output>
        </test-method> <!-- test2 -->
        <test-method status="PASS" signature="test1()[pri:0, instance:qa.mavenjava.AppiumTest@7bc1a03d]" name="test1" duration-ms="0" started-at="2020-11-06T12:43:13Z" finished-at="2020-11-06T12:43:13Z">
          <reporter-output>
          </reporter-output>
        </test-method> <!-- test1 -->
      </class> <!-- qa.mavenjava.AppiumTest -->
      <class name="qa.mavenjava.RestApiTest">
        <test-method status="PASS" signature="test4()[pri:0, instance:qa.mavenjava.RestApiTest@6b1274d2]" name="test4" duration-ms="0" started-at="2020-11-06T12:43:13Z" finished-at="2020-11-06T12:43:13Z">
          <reporter-output>
          </reporter-output>
        </test-method> <!-- test4 -->
        <test-method status="PASS" signature="test3()[pri:0, instance:qa.mavenjava.RestApiTest@6b1274d2]" name="test3" duration-ms="0" started-at="2020-11-06T12:43:13Z" finished-at="2020-11-06T12:43:13Z">
          <reporter-output>
          </reporter-output>
        </test-method> <!-- test3 -->
      </class> <!-- qa.mavenjava.RestApiTest -->
    </test> <!-- Testprocess -->
  </suite> <!-- Suite -->
</testng-results>
