<?xml version="1.0" encoding="UTF-8"?>
<!-- Generated by org.testng.reporters.JUnitXMLReporter -->
<testsuite hostname="LAP-SRINIVAS" ignored="0" name="Testprocess" tests="6" failures="0" timestamp="06 Nov 2020 12:43:13 GMT" time="0.031" errors="0">
  <testcase name="test5" time="0.0" classname="qa.mavenjava.SeleniumTest"/>
  <testcase name="test6" time="0.0" classname="qa.mavenjava.SeleniumTest"/>
  <testcase name="test3" time="0.0" classname="qa.mavenjava.RestApiTest"/>
  <testcase name="test4" time="0.0" classname="qa.mavenjava.RestApiTest"/>
  <testcase name="test1" time="0.0" classname="qa.mavenjava.AppiumTest"/>
  <testcase name="test2" time="0.0" classname="qa.mavenjava.AppiumTest"/>
</testsuite> <!-- Testprocess -->
